MC02/app/build/intermediates/manifest_merge_blame_file/debug/manifest-merger-blame-debug-report.txt
1<?xml version="1.0" encoding="utf-8"?>
2<manifest xmlns:android="http://schemas.android.com/apk/res/android"
3    package="ph.edu.dlsu.mobdeve.s17.brillantes.robert.mc02"
4    android:versionCode="1"
5    android:versionName="1.0" >
6
7    <uses-sdk
8        android:minSdkVersion="23"
8-->src\main\AndroidManifest.xml
9        android:targetSdkVersion="30" />
9-->src\main\AndroidManifest.xml
10
11    <application
11-->src\main\AndroidManifest.xml:5:5-24:19
12        android:allowBackup="true"
12-->src\main\AndroidManifest.xml:6:9-35
13        android:appComponentFactory="androidx.core.app.CoreComponentFactory"
13-->[androidx.core:core:1.5.0] AndroidManifest.xml:24:18-86
14        android:debuggable="true"
15        android:extractNativeLibs="false"
16        android:icon="@mipmap/ic_launcher"
16-->src\main\AndroidManifest.xml:7:9-43
17        android:label="@string/app_name"
17-->src\main\AndroidManifest.xml:8:9-41
18        android:roundIcon="@mipmap/ic_launcher_round"
18-->src\main\AndroidManifest.xml:9:9-54
19        android:supportsRtl="true"
19-->src\main\AndroidManifest.xml:10:9-35
20        android:testOnly="true"
21        android:theme="@style/Theme.MC02" >
21-->src\main\AndroidManifest.xml:11:9-42
22        <activity android:name="ph.edu.dlsu.mobdeve.s17.brillantes.robert.mc02.Welcome" >
22-->src\main\AndroidManifest.xml:12:9-18:20
22-->src\main\AndroidManifest.xml:12:19-42
23            <intent-filter>
23-->src\main\AndroidManifest.xml:13:13-17:29
24                <action android:name="android.intent.action.MAIN" />
24-->src\main\AndroidManifest.xml:14:17-69
24-->src\main\AndroidManifest.xml:14:25-66
25
26                <category android:name="android.intent.category.LAUNCHER" />
26-->src\main\AndroidManifest.xml:16:17-77
26-->src\main\AndroidManifest.xml:16:27-74
27            </intent-filter>
28        </activity>
29        <activity android:name="ph.edu.dlsu.mobdeve.s17.brillantes.robert.mc02.LogIn" />
29-->src\main\AndroidManifest.xml:19:9-43
29-->src\main\AndroidManifest.xml:19:19-40
30        <activity android:name="ph.edu.dlsu.mobdeve.s17.brillantes.robert.mc02.SignUp" />
30-->src\main\AndroidManifest.xml:20:9-44
30-->src\main\AndroidManifest.xml:20:19-41
31        <activity android:name="ph.edu.dlsu.mobdeve.s17.brillantes.robert.mc02.SignUp2" />
31-->src\main\AndroidManifest.xml:21:9-45
31-->src\main\AndroidManifest.xml:21:19-42
32        <activity android:name="ph.edu.dlsu.mobdeve.s17.brillantes.robert.mc02.Events_Main" />
32-->src\main\AndroidManifest.xml:22:9-49
32-->src\main\AndroidManifest.xml:22:19-46
33        <activity android:name="ph.edu.dlsu.mobdeve.s17.brillantes.robert.mc02.Events_DaySpecific" />
33-->src\main\AndroidManifest.xml:23:9-56
33-->src\main\AndroidManifest.xml:23:19-53
34    </application>
35
36</manifest>